2025-09-16 19:39:09, MOVE, v:1, k:git_pratica, mode:DOWN
2025-09-16 19:39:23, MOVE, v:1, k:git_pratica, mode:PICK
2025-09-16 19:39:27, EXEC, v:1, k:git_pratica, mode:FULL, rate:0, size:0
2025-09-16 19:39:43, EXEC, v:1, k:git_pratica, mode:FULL, rate:0
2025-09-16 19:39:44, EXEC, v:1, k:git_pratica, mode:FULL, rate:0
2025-09-16 19:40:03, MOVE, v:1, k:git_pratica, mode:BACK
2025-09-16 19:40:23, MOVE, v:1, k:toalha, mode:DOWN
2025-09-16 19:40:26, MOVE, v:1, k:toalha, mode:PICK
2025-09-16 19:40:57, EXEC, v:1, k:toalha, mode:LOCK, rate:0, size:1
2025-09-16 19:43:02, MOVE, v:1, k:toalha, mode:BACK
2025-09-16 19:43:28, SELF, v:1, k:toalha
2025-09-16 20:03:39, MOVE, v:1, k:toalha, mode:PICK
2025-09-16 20:03:39, EXEC, v:1, k:toalha, mode:LOCK, rate:0
2025-09-16 20:09:01, EXEC, v:1, k:toalha, mode:LOCK, rate:0, size:10
2025-09-16 20:10:07, EXEC, v:1, k:toalha, mode:LOCK, rate:0, size:11
2025-09-16 20:10:25, EXEC, v:1, k:toalha, mode:LOCK, rate:0, size:12
2025-09-16 20:13:59, EXEC, v:1, k:toalha, mode:LOCK, rate:0, size:10
2025-09-16 20:14:25, EXEC, v:1, k:toalha, mode:LOCK, rate:0, size:10
2025-09-16 20:15:09, EXEC, v:1, k:toalha, mode:LOCK, rate:0, size:11
2025-09-16 20:15:39, EXEC, v:1, k:toalha, mode:LOCK, rate:0, size:11
2025-09-16 20:15:46, EXEC, v:1, k:toalha, mode:LOCK, rate:0, size:11
2025-09-16 20:17:02, EXEC, v:1, k:toalha, mode:LOCK, rate:0, size:14
2025-09-16 20:17:13, EXEC, v:1, k:toalha, mode:LOCK, rate:0, size:15
2025-09-16 20:17:19, EXEC, v:1, k:toalha, mode:LOCK, rate:0
2025-09-16 20:17:55, EXEC, v:1, k:toalha, mode:LOCK, rate:0, size:14
2025-09-16 20:18:04, EXEC, v:1, k:toalha, mode:LOCK, rate:0, size:14
2025-09-16 20:18:09, EXEC, v:1, k:toalha, mode:LOCK, rate:0, size:14
2025-09-16 20:18:12, EXEC, v:1, k:toalha, mode:LOCK, rate:0, size:14
2025-09-16 20:22:03, EXEC, v:1, k:toalha, mode:LOCK, rate:0, size:19
2025-09-16 20:23:15, EXEC, v:1, k:toalha, mode:LOCK, rate:0, size:16
2025-09-16 20:23:16, EXEC, v:1, k:toalha, mode:LOCK, rate:0
2025-09-16 20:23:17, EXEC, v:1, k:toalha, mode:LOCK, rate:0
2025-09-16 20:23:32, EXEC, v:1, k:toalha, mode:LOCK, rate:0
2025-09-16 20:23:32, EXEC, v:1, k:toalha, mode:LOCK, rate:0, size:16
2025-09-16 20:23:32, EXEC, v:1, k:toalha, mode:LOCK, rate:0, size:16
2025-09-16 20:23:33, EXEC, v:1, k:toalha, mode:LOCK, rate:0, size:16
2025-09-16 20:23:46, EXEC, v:1, k:toalha, mode:LOCK, rate:0
2025-09-16 20:23:47, EXEC, v:1, k:toalha, mode:LOCK, rate:0
2025-09-16 20:23:47, EXEC, v:1, k:toalha, mode:LOCK, rate:0, size:16
2025-09-16 20:23:47, EXEC, v:1, k:toalha, mode:LOCK, rate:0, size:16
2025-09-16 20:23:47, EXEC, v:1, k:toalha, mode:LOCK, rate:0, size:16
2025-09-16 20:24:02, EXEC, v:1, k:toalha, mode:LOCK, rate:0
2025-09-16 20:24:03, EXEC, v:1, k:toalha, mode:LOCK, rate:0, size:16
2025-09-16 20:24:05, EXEC, v:1, k:toalha, mode:LOCK, rate:0
2025-09-16 20:24:07, EXEC, v:1, k:toalha, mode:LOCK, rate:0
2025-09-16 20:24:08, EXEC, v:1, k:toalha, mode:LOCK, rate:0, size:16
2025-09-16 20:24:11, EXEC, v:1, k:toalha, mode:LOCK, rate:0
2025-09-16 20:24:11, EXEC, v:1, k:toalha, mode:LOCK, rate:0, size:15
2025-09-16 20:24:19, EXEC, v:1, k:toalha, mode:LOCK, rate:0
